D:\Projects\CSharp\BackToMe\BackToMe\ClientApp\dist\out-tsc\src\models\Heroe.js
D:\Projects\CSharp\BackToMe\BackToMe\ClientApp\dist\out-tsc\src\models\Heroe.js.map
D:\Projects\CSharp\BackToMe\BackToMe\ClientApp\dist\out-tsc\src\app\app.component.js
D:\Projects\CSharp\BackToMe\BackToMe\ClientApp\dist\out-tsc\src\app\app.component.js.map
D:\Projects\CSharp\BackToMe\BackToMe\ClientApp\dist\out-tsc\src\app\app.module.js
D:\Projects\CSharp\BackToMe\BackToMe\ClientApp\dist\out-tsc\src\app\app.module.js.map
D:\Projects\CSharp\BackToMe\BackToMe\ClientApp\dist\out-tsc\src\environments\environment.js
D:\Projects\CSharp\BackToMe\BackToMe\ClientApp\dist\out-tsc\src\environments\environment.js.map
D:\Projects\CSharp\BackToMe\BackToMe\ClientApp\dist\out-tsc\src\main.js
D:\Projects\CSharp\BackToMe\BackToMe\ClientApp\dist\out-tsc\src\main.js.map
D:\Projects\CSharp\BackToMe\BackToMe\ClientApp\dist\out-tsc\src\polyfills.js
D:\Projects\CSharp\BackToMe\BackToMe\ClientApp\dist\out-tsc\src\polyfills.js.map
D:\Projects\CSharp\BackToMe\BackToMe\ClientApp\dist\out-tsc\src\test.js
D:\Projects\CSharp\BackToMe\BackToMe\ClientApp\dist\out-tsc\src\test.js.map
D:\Projects\CSharp\BackToMe\BackToMe\ClientApp\dist\out-tsc\e2e\src\app.po.js
D:\Projects\CSharp\BackToMe\BackToMe\ClientApp\dist\out-tsc\e2e\src\app.po.js.map
D:\Projects\CSharp\BackToMe\BackToMe\ClientApp\dist\out-tsc\e2e\src\app.e2e-spec.js
D:\Projects\CSharp\BackToMe\BackToMe\ClientApp\dist\out-tsc\e2e\src\app.e2e-spec.js.map
D:\Projects\CSharp\BackToMe\BackToMe\ClientApp\dist\out-tsc\src\app\app.component.spec.js
D:\Projects\CSharp\BackToMe\BackToMe\ClientApp\dist\out-tsc\src\app\app.component.spec.js.map
D:\Projects\CSharp\BackToMe\BackToMe\ClientApp\dist\out-tsc\src\environments\environment.prod.js
D:\Projects\CSharp\BackToMe\BackToMe\ClientApp\dist\out-tsc\src\environments\environment.prod.js.map
